<?xml version="1.0" encoding="UTF-8"?>
<testng-results ignored="0" total="1" passed="1" failed="0" skipped="0">
  <reporter-output>
    <line>
      <![CDATA[Create driver: chrome]]>
    </line>
    <line>
      <![CDATA[Opening page: https://eu.wahoofitness.com/]]>
    </line>
    <line>
      <![CDATA[Page opened!]]>
    </line>
    <line>
      <![CDATA[User does not need to select a color.]]>
    </line>
    <line>
      <![CDATA[User does not need to select a color.]]>
    </line>
  </reporter-output>
  <suite started-at="2021-05-28T15:25:17 CEST" name="Default suite" finished-at="2021-05-28T15:25:38 CEST" duration-ms="20052">
    <groups>
    </groups>
    <test started-at="2021-05-28T15:25:17 CEST" name="Default test" finished-at="2021-05-28T15:25:38 CEST" duration-ms="20052">
      <class name="com.wahooFitness.eu.automationTest.AutomationTest">
        <test-method is-config="true" signature="setup(java.lang.String)[pri:0, instance:com.wahooFitness.eu.automationTest.AutomationTest@4944252c]" started-at="2021-05-28T15:25:18 CEST" name="setup" finished-at="2021-05-28T15:25:19 CEST" duration-ms="1915" status="PASS">
          <params>
            <param index="0">
              <value>
                <![CDATA[chrome]]>
              </value>
            </param>
          </params>
          <reporter-output>
            <line>
              <![CDATA[Create driver: chrome]]>
            </line>
          </reporter-output>
        </test-method> <!-- setup -->
        <test-method signature="method()[pri:0, instance:com.wahooFitness.eu.automationTest.AutomationTest@4944252c]" started-at="2021-05-28T15:25:19 CEST" name="method" finished-at="2021-05-28T15:25:38 CEST" duration-ms="18090" status="PASS">
          <reporter-output>
            <line>
              <![CDATA[Opening page: https://eu.wahoofitness.com/]]>
            </line>
            <line>
              <![CDATA[Page opened!]]>
            </line>
            <line>
              <![CDATA[User does not need to select a color.]]>
            </line>
            <line>
              <![CDATA[User does not need to select a color.]]>
            </line>
          </reporter-output>
        </test-method> <!-- method -->
        <test-method is-config="true" signature="tearDown()[pri:0, instance:com.wahooFitness.eu.automationTest.AutomationTest@4944252c]" started-at="2021-05-28T15:25:38 CEST" name="tearDown" finished-at="2021-05-28T15:25:38 CEST" duration-ms="0" status="PASS">
          <reporter-output>
          </reporter-output>
        </test-method> <!-- tearDown -->
      </class> <!-- com.wahooFitness.eu.automationTest.AutomationTest -->
    </test> <!-- Default test -->
  </suite> <!-- Default suite -->
</testng-results>
