<?xml version="1.0" encoding="UTF-8"?>
<testng-results ignored="0" total="5" passed="3" failed="2" skipped="0">
  <reporter-output>
    <line>
      <![CDATA[Create driver: chrome]]>
    </line>
    <line>
      <![CDATA[Opening page: https://eu.wahoofitness.com/]]>
    </line>
    <line>
      <![CDATA[Page opened!]]>
    </line>
    <line>
      <![CDATA[User does not need to select a color.]]>
    </line>
    <line>
      <![CDATA[User does not need to select a color.]]>
    </line>
    <line>
      <![CDATA[Create driver: chrome]]>
    </line>
    <line>
      <![CDATA[Opening page: https://eu.wahoofitness.com/]]>
    </line>
    <line>
      <![CDATA[Page opened!]]>
    </line>
    <line>
      <![CDATA[User does not need to select a color.]]>
    </line>
    <line>
      <![CDATA[User does not need to select a color.]]>
    </line>
    <line>
      <![CDATA[Create driver: chrome]]>
    </line>
    <line>
      <![CDATA[Opening page: https://eu.wahoofitness.com/]]>
    </line>
    <line>
      <![CDATA[Page opened!]]>
    </line>
    <line>
      <![CDATA[User does not need to select a color.]]>
    </line>
    <line>
      <![CDATA[User does not need to select a color.]]>
    </line>
    <line>
      <![CDATA[economyShippingCost = 0.0]]>
    </line>
    <line>
      <![CDATA[expressShippingCost = 50.0]]>
    </line>
    <line>
      <![CDATA[Create driver: chrome]]>
    </line>
    <line>
      <![CDATA[Opening page: https://eu.wahoofitness.com/]]>
    </line>
    <line>
      <![CDATA[Page opened!]]>
    </line>
    <line>
      <![CDATA[User does not need to select a color.]]>
    </line>
    <line>
      <![CDATA[User does not need to select a color.]]>
    </line>
    <line>
      <![CDATA[economyShippingCost = 0.0]]>
    </line>
    <line>
      <![CDATA[expressShippingCost = 50.0]]>
    </line>
    <line>
      <![CDATA[Create driver: chrome]]>
    </line>
    <line>
      <![CDATA[Opening page: https://eu.wahoofitness.com/]]>
    </line>
    <line>
      <![CDATA[Page opened!]]>
    </line>
    <line>
      <![CDATA[User does not need to select a color.]]>
    </line>
    <line>
      <![CDATA[User does not need to select a color.]]>
    </line>
    <line>
      <![CDATA[economyShippingCost = 0.0]]>
    </line>
    <line>
      <![CDATA[expressShippingCost = 50.0]]>
    </line>
  </reporter-output>
  <suite started-at="2021-06-02T15:36:15 CEST" name="Default suite" finished-at="2021-06-02T15:40:18 CEST" duration-ms="243151">
    <groups>
    </groups>
    <test started-at="2021-06-02T15:36:15 CEST" name="Default test" finished-at="2021-06-02T15:40:18 CEST" duration-ms="243151">
      <class name="com.wahooFitness.eu.automationTest.AutomationTest">
        <test-method is-config="true" signature="setup(java.lang.String)[pri:0, instance:com.wahooFitness.eu.automationTest.AutomationTest@4944252c]" started-at="2021-06-02T15:36:15 CEST" name="setup" finished-at="2021-06-02T15:36:17 CEST" duration-ms="1935" status="PASS">
          <params>
            <param index="0">
              <value>
                <![CDATA[chrome]]>
              </value>
            </param>
          </params>
          <reporter-output>
            <line>
              <![CDATA[Create driver: chrome]]>
            </line>
          </reporter-output>
        </test-method> <!-- setup -->
        <test-method signature="method()[pri:0, instance:com.wahooFitness.eu.automationTest.AutomationTest@4944252c]" started-at="2021-06-02T15:36:17 CEST" name="method" finished-at="2021-06-02T15:36:53 CEST" duration-ms="36912" status="FAIL">
          <exception class="org.openqa.selenium.TimeoutException">
            <message>
              <![CDATA[Expected condition failed: waiting for visibility of element located by By.xpath: (//span[@class='cart-price'])[1] (tried for 5 second(s) with 500 milliseconds interval)]]>
            </message>
            <full-stacktrace>
              <![CDATA[org.openqa.selenium.TimeoutException: Expected condition failed: waiting for visibility of element located by By.xpath: (//span[@class='cart-price'])[1] (tried for 5 second(s) with 500 milliseconds interval)
at org.openqa.selenium.support.ui.WebDriverWait.timeoutException(WebDriverWait.java:95)
at org.openqa.selenium.support.ui.FluentWait.until(FluentWait.java:272)
at com.wahooFitness.eu.pages.BasePageObject.waitFor(BasePageObject.java:114)
at com.wahooFitness.eu.pages.BasePageObject.waitForVisibilityOf(BasePageObject.java:102)
at com.wahooFitness.eu.pages.BasePageObject.find(BasePageObject.java:43)
at com.wahooFitness.eu.pages.BasePageObject.convertStringToFloat(BasePageObject.java:85)
at com.wahooFitness.eu.pages.CartPageObject.getUnitPrice(CartPageObject.java:46)
at com.wahooFitness.eu.automationTest.AutomationTest.method(AutomationTest.java:59)
at java.base/jdk.internal.reflect.NativeMethodAccessorImpl.invoke0(Native Method)
at java.base/jdk.internal.reflect.NativeMethodAccessorImpl.invoke(NativeMethodAccessorImpl.java:62)
at java.base/jdk.internal.reflect.DelegatingMethodAccessorImpl.invoke(DelegatingMethodAccessorImpl.java:43)
at java.base/java.lang.reflect.Method.invoke(Method.java:566)
at org.testng.internal.MethodInvocationHelper.invokeMethod(MethodInvocationHelper.java:133)
at org.testng.internal.TestInvoker.invokeMethod(TestInvoker.java:598)
at org.testng.internal.TestInvoker.invokeTestMethod(TestInvoker.java:173)
at org.testng.internal.MethodRunner.runInSequence(MethodRunner.java:46)
at org.testng.internal.TestInvoker$MethodInvocationAgent.invoke(TestInvoker.java:824)
at org.testng.internal.TestInvoker.invokeTestMethods(TestInvoker.java:146)
at org.testng.internal.TestMethodWorker.invokeTestMethods(TestMethodWorker.java:146)
at org.testng.internal.TestMethodWorker.run(TestMethodWorker.java:128)
at java.base/java.util.ArrayList.forEach(ArrayList.java:1540)
at org.testng.TestRunner.privateRun(TestRunner.java:794)
at org.testng.TestRunner.run(TestRunner.java:596)
at org.testng.SuiteRunner.runTest(SuiteRunner.java:377)
at org.testng.SuiteRunner.runSequentially(SuiteRunner.java:371)
at org.testng.SuiteRunner.privateRun(SuiteRunner.java:332)
at org.testng.SuiteRunner.run(SuiteRunner.java:276)
at org.testng.SuiteRunnerWorker.runSuite(SuiteRunnerWorker.java:53)
at org.testng.SuiteRunnerWorker.run(SuiteRunnerWorker.java:96)
at org.testng.TestNG.runSuitesSequentially(TestNG.java:1212)
at org.testng.TestNG.runSuitesLocally(TestNG.java:1134)
at org.testng.TestNG.runSuites(TestNG.java:1063)
at org.testng.TestNG.run(TestNG.java:1031)
at org.testng.remote.AbstractRemoteTestNG.run(AbstractRemoteTestNG.java:115)
at org.testng.remote.RemoteTestNG.initAndRun(RemoteTestNG.java:251)
at org.testng.remote.RemoteTestNG.main(RemoteTestNG.java:77)
Caused by: org.openqa.selenium.NoSuchElementException: no such element: Unable to locate element: {"method":"xpath","selector":"(//span[@class='cart-price'])[1]"}
  (Session info: chrome=91.0.4472.77)
For documentation on this error, please visit: https://www.seleniumhq.org/exceptions/no_such_element.html
Build info: version: '3.141.59', revision: 'e82be7d358', time: '2018-11-14T08:17:03'
System info: host: 'MSI', ip: '10.50.4.129', os.name: 'Windows 10', os.arch: 'amd64', os.version: '10.0', java.version: '11.0.6'
Driver info: org.openqa.selenium.chrome.ChromeDriver
Capabilities {acceptInsecureCerts: false, browserName: chrome, browserVersion: 91.0.4472.77, chrome: {chromedriverVersion: 90.0.4430.24 (4c6d850f087da..., userDataDir: C:\Users\Nico\AppData\Local...}, goog:chromeOptions: {debuggerAddress: localhost:50131}, javascriptEnabled: true, networkConnectionEnabled: false, pageLoadStrategy: normal, platform: WINDOWS, platformName: WINDOWS, proxy: Proxy(), setWindowRect: true, strictFileInteractability: false, timeouts: {implicit: 0, pageLoad: 300000, script: 30000}, unhandledPromptBehavior: dismiss and notify, webauthn:extension:largeBlob: true, webauthn:virtualAuthenticators: true}
Session ID: fe59dd257c68e15e57c803411512fa27
*** Element info: {Using=xpath, value=(//span[@class='cart-price'])[1]}
at java.base/jdk.internal.reflect.NativeConstructorAccessorImpl.newInstance0(Native Method)
at java.base/jdk.internal.reflect.NativeConstructorAccessorImpl.newInstance(NativeConstructorAccessorImpl.java:62)
at java.base/jdk.internal.reflect.DelegatingConstructorAccessorImpl.newInstance(DelegatingConstructorAccessorImpl.java:45)
at java.base/java.lang.reflect.Constructor.newInstance(Constructor.java:490)
at org.openqa.selenium.remote.http.W3CHttpResponseCodec.createException(W3CHttpResponseCodec.java:187)
at org.openqa.selenium.remote.http.W3CHttpResponseCodec.decode(W3CHttpResponseCodec.java:122)
at org.openqa.selenium.remote.http.W3CHttpResponseCodec.decode(W3CHttpResponseCodec.java:49)
at org.openqa.selenium.remote.HttpCommandExecutor.execute(HttpCommandExecutor.java:158)
at org.openqa.selenium.remote.service.DriverCommandExecutor.execute(DriverCommandExecutor.java:83)
at org.openqa.selenium.remote.RemoteWebDriver.execute(RemoteWebDriver.java:552)
at org.openqa.selenium.remote.RemoteWebDriver.findElement(RemoteWebDriver.java:323)
at org.openqa.selenium.remote.RemoteWebDriver.findElementByXPath(RemoteWebDriver.java:428)
at org.openqa.selenium.By$ByXPath.findElement(By.java:353)
at org.openqa.selenium.remote.RemoteWebDriver.findElement(RemoteWebDriver.java:315)
at org.openqa.selenium.support.ui.ExpectedConditions$7.apply(ExpectedConditions.java:205)
at org.openqa.selenium.support.ui.ExpectedConditions$7.apply(ExpectedConditions.java:201)
at org.openqa.selenium.support.ui.FluentWait.until(FluentWait.java:249)
... 34 more
]]>
            </full-stacktrace>
          </exception> <!-- org.openqa.selenium.TimeoutException -->
          <reporter-output>
            <line>
              <![CDATA[Opening page: https://eu.wahoofitness.com/]]>
            </line>
            <line>
              <![CDATA[Page opened!]]>
            </line>
            <line>
              <![CDATA[User does not need to select a color.]]>
            </line>
            <line>
              <![CDATA[User does not need to select a color.]]>
            </line>
          </reporter-output>
        </test-method> <!-- method -->
        <test-method is-config="true" signature="tearDown()[pri:0, instance:com.wahooFitness.eu.automationTest.AutomationTest@4944252c]" started-at="2021-06-02T15:36:53 CEST" name="tearDown" finished-at="2021-06-02T15:36:53 CEST" duration-ms="1" status="PASS">
          <reporter-output>
          </reporter-output>
        </test-method> <!-- tearDown -->
        <test-method is-config="true" signature="setup(java.lang.String)[pri:0, instance:com.wahooFitness.eu.automationTest.AutomationTest@4944252c]" started-at="2021-06-02T15:36:53 CEST" name="setup" finished-at="2021-06-02T15:36:55 CEST" duration-ms="1313" status="PASS">
          <params>
            <param index="0">
              <value>
                <![CDATA[chrome]]>
              </value>
            </param>
          </params>
          <reporter-output>
            <line>
              <![CDATA[Create driver: chrome]]>
            </line>
          </reporter-output>
        </test-method> <!-- setup -->
        <test-method signature="method()[pri:0, instance:com.wahooFitness.eu.automationTest.AutomationTest@4944252c]" started-at="2021-06-02T15:36:55 CEST" name="method" finished-at="2021-06-02T15:37:42 CEST" duration-ms="47431" status="FAIL">
          <exception class="org.openqa.selenium.TimeoutException">
            <message>
              <![CDATA[Expected condition failed: waiting for element to be clickable: By.xpath: //button[@class='action primary checkout amasty'] (tried for 5 second(s) with 500 milliseconds interval)
Build info: version: '3.141.59', revision: 'e82be7d358', time: '2018-11-14T08:17:03'
System info: host: 'MSI', ip: '10.50.4.129', os.name: 'Windows 10', os.arch: 'amd64', os.version: '10.0', java.version: '11.0.6'
Driver info: org.openqa.selenium.chrome.ChromeDriver
Capabilities {acceptInsecureCerts: false, browserName: chrome, browserVersion: 91.0.4472.77, chrome: {chromedriverVersion: 90.0.4430.24 (4c6d850f087da..., userDataDir: C:\Users\Nico\AppData\Local...}, goog:chromeOptions: {debuggerAddress: localhost:65265}, javascriptEnabled: true, networkConnectionEnabled: false, pageLoadStrategy: normal, platform: WINDOWS, platformName: WINDOWS, proxy: Proxy(), setWindowRect: true, strictFileInteractability: false, timeouts: {implicit: 0, pageLoad: 300000, script: 30000}, unhandledPromptBehavior: dismiss and notify, webauthn:extension:largeBlob: true, webauthn:virtualAuthenticators: true}
Session ID: 6d1688863388908019a9250a645f1336]]>
            </message>
            <full-stacktrace>
              <![CDATA[org.openqa.selenium.TimeoutException: Expected condition failed: waiting for element to be clickable: By.xpath: //button[@class='action primary checkout amasty'] (tried for 5 second(s) with 500 milliseconds interval)
Build info: version: '3.141.59', revision: 'e82be7d358', time: '2018-11-14T08:17:03'
System info: host: 'MSI', ip: '10.50.4.129', os.name: 'Windows 10', os.arch: 'amd64', os.version: '10.0', java.version: '11.0.6'
Driver info: org.openqa.selenium.chrome.ChromeDriver
Capabilities {acceptInsecureCerts: false, browserName: chrome, browserVersion: 91.0.4472.77, chrome: {chromedriverVersion: 90.0.4430.24 (4c6d850f087da..., userDataDir: C:\Users\Nico\AppData\Local...}, goog:chromeOptions: {debuggerAddress: localhost:65265}, javascriptEnabled: true, networkConnectionEnabled: false, pageLoadStrategy: normal, platform: WINDOWS, platformName: WINDOWS, proxy: Proxy(), setWindowRect: true, strictFileInteractability: false, timeouts: {implicit: 0, pageLoad: 300000, script: 30000}, unhandledPromptBehavior: dismiss and notify, webauthn:extension:largeBlob: true, webauthn:virtualAuthenticators: true}
Session ID: 6d1688863388908019a9250a645f1336
at org.openqa.selenium.support.ui.WebDriverWait.timeoutException(WebDriverWait.java:95)
at org.openqa.selenium.support.ui.FluentWait.until(FluentWait.java:272)
at com.wahooFitness.eu.pages.BasePageObject.waitForElementToBeClickable(BasePageObject.java:120)
at com.wahooFitness.eu.pages.CheckoutPageObject.placeOrder(CheckoutPageObject.java:54)
at com.wahooFitness.eu.automationTest.AutomationTest.method(AutomationTest.java:75)
at java.base/jdk.internal.reflect.NativeMethodAccessorImpl.invoke0(Native Method)
at java.base/jdk.internal.reflect.NativeMethodAccessorImpl.invoke(NativeMethodAccessorImpl.java:62)
at java.base/jdk.internal.reflect.DelegatingMethodAccessorImpl.invoke(DelegatingMethodAccessorImpl.java:43)
at java.base/java.lang.reflect.Method.invoke(Method.java:566)
at org.testng.internal.MethodInvocationHelper.invokeMethod(MethodInvocationHelper.java:133)
at org.testng.internal.TestInvoker.invokeMethod(TestInvoker.java:598)
at org.testng.internal.TestInvoker.invokeTestMethod(TestInvoker.java:173)
at org.testng.internal.MethodRunner.runInSequence(MethodRunner.java:46)
at org.testng.internal.TestInvoker$MethodInvocationAgent.invoke(TestInvoker.java:824)
at org.testng.internal.TestInvoker.invokeTestMethods(TestInvoker.java:146)
at org.testng.internal.TestMethodWorker.invokeTestMethods(TestMethodWorker.java:146)
at org.testng.internal.TestMethodWorker.run(TestMethodWorker.java:128)
at java.base/java.util.ArrayList.forEach(ArrayList.java:1540)
at org.testng.TestRunner.privateRun(TestRunner.java:794)
at org.testng.TestRunner.run(TestRunner.java:596)
at org.testng.SuiteRunner.runTest(SuiteRunner.java:377)
at org.testng.SuiteRunner.runSequentially(SuiteRunner.java:371)
at org.testng.SuiteRunner.privateRun(SuiteRunner.java:332)
at org.testng.SuiteRunner.run(SuiteRunner.java:276)
at org.testng.SuiteRunnerWorker.runSuite(SuiteRunnerWorker.java:53)
at org.testng.SuiteRunnerWorker.run(SuiteRunnerWorker.java:96)
at org.testng.TestNG.runSuitesSequentially(TestNG.java:1212)
at org.testng.TestNG.runSuitesLocally(TestNG.java:1134)
at org.testng.TestNG.runSuites(TestNG.java:1063)
at org.testng.TestNG.run(TestNG.java:1031)
at org.testng.remote.AbstractRemoteTestNG.run(AbstractRemoteTestNG.java:115)
at org.testng.remote.RemoteTestNG.initAndRun(RemoteTestNG.java:251)
at org.testng.remote.RemoteTestNG.main(RemoteTestNG.java:77)
]]>
            </full-stacktrace>
          </exception> <!-- org.openqa.selenium.TimeoutException -->
          <reporter-output>
            <line>
              <![CDATA[Opening page: https://eu.wahoofitness.com/]]>
            </line>
            <line>
              <![CDATA[Page opened!]]>
            </line>
            <line>
              <![CDATA[User does not need to select a color.]]>
            </line>
            <line>
              <![CDATA[User does not need to select a color.]]>
            </line>
          </reporter-output>
        </test-method> <!-- method -->
        <test-method is-config="true" signature="tearDown()[pri:0, instance:com.wahooFitness.eu.automationTest.AutomationTest@4944252c]" started-at="2021-06-02T15:37:42 CEST" name="tearDown" finished-at="2021-06-02T15:37:42 CEST" duration-ms="0" status="PASS">
          <reporter-output>
          </reporter-output>
        </test-method> <!-- tearDown -->
        <test-method is-config="true" signature="setup(java.lang.String)[pri:0, instance:com.wahooFitness.eu.automationTest.AutomationTest@4944252c]" started-at="2021-06-02T15:37:42 CEST" name="setup" finished-at="2021-06-02T15:37:44 CEST" duration-ms="1330" status="PASS">
          <params>
            <param index="0">
              <value>
                <![CDATA[chrome]]>
              </value>
            </param>
          </params>
          <reporter-output>
            <line>
              <![CDATA[Create driver: chrome]]>
            </line>
          </reporter-output>
        </test-method> <!-- setup -->
        <test-method signature="method()[pri:0, instance:com.wahooFitness.eu.automationTest.AutomationTest@4944252c]" started-at="2021-06-02T15:37:44 CEST" name="method" finished-at="2021-06-02T15:38:32 CEST" duration-ms="48744" status="PASS">
          <reporter-output>
            <line>
              <![CDATA[Opening page: https://eu.wahoofitness.com/]]>
            </line>
            <line>
              <![CDATA[Page opened!]]>
            </line>
            <line>
              <![CDATA[User does not need to select a color.]]>
            </line>
            <line>
              <![CDATA[User does not need to select a color.]]>
            </line>
            <line>
              <![CDATA[economyShippingCost = 0.0]]>
            </line>
            <line>
              <![CDATA[expressShippingCost = 50.0]]>
            </line>
          </reporter-output>
        </test-method> <!-- method -->
        <test-method is-config="true" signature="setup(java.lang.String)[pri:0, instance:com.wahooFitness.eu.automationTest.AutomationTest@4944252c]" started-at="2021-06-02T15:38:32 CEST" name="setup" finished-at="2021-06-02T15:38:34 CEST" duration-ms="1280" status="PASS">
          <params>
            <param index="0">
              <value>
                <![CDATA[chrome]]>
              </value>
            </param>
          </params>
          <reporter-output>
            <line>
              <![CDATA[Create driver: chrome]]>
            </line>
          </reporter-output>
        </test-method> <!-- setup -->
        <test-method is-config="true" signature="tearDown()[pri:0, instance:com.wahooFitness.eu.automationTest.AutomationTest@4944252c]" started-at="2021-06-02T15:38:32 CEST" name="tearDown" finished-at="2021-06-02T15:38:32 CEST" duration-ms="0" status="PASS">
          <reporter-output>
          </reporter-output>
        </test-method> <!-- tearDown -->
        <test-method signature="method()[pri:0, instance:com.wahooFitness.eu.automationTest.AutomationTest@4944252c]" started-at="2021-06-02T15:38:34 CEST" name="method" finished-at="2021-06-02T15:39:21 CEST" duration-ms="47375" status="PASS">
          <reporter-output>
            <line>
              <![CDATA[Opening page: https://eu.wahoofitness.com/]]>
            </line>
            <line>
              <![CDATA[Page opened!]]>
            </line>
            <line>
              <![CDATA[User does not need to select a color.]]>
            </line>
            <line>
              <![CDATA[User does not need to select a color.]]>
            </line>
            <line>
              <![CDATA[economyShippingCost = 0.0]]>
            </line>
            <line>
              <![CDATA[expressShippingCost = 50.0]]>
            </line>
          </reporter-output>
        </test-method> <!-- method -->
        <test-method is-config="true" signature="tearDown()[pri:0, instance:com.wahooFitness.eu.automationTest.AutomationTest@4944252c]" started-at="2021-06-02T15:39:21 CEST" name="tearDown" finished-at="2021-06-02T15:39:21 CEST" duration-ms="0" status="PASS">
          <reporter-output>
          </reporter-output>
        </test-method> <!-- tearDown -->
        <test-method is-config="true" signature="setup(java.lang.String)[pri:0, instance:com.wahooFitness.eu.automationTest.AutomationTest@4944252c]" started-at="2021-06-02T15:39:21 CEST" name="setup" finished-at="2021-06-02T15:39:22 CEST" duration-ms="1284" status="PASS">
          <params>
            <param index="0">
              <value>
                <![CDATA[chrome]]>
              </value>
            </param>
          </params>
          <reporter-output>
            <line>
              <![CDATA[Create driver: chrome]]>
            </line>
          </reporter-output>
        </test-method> <!-- setup -->
        <test-method signature="method()[pri:0, instance:com.wahooFitness.eu.automationTest.AutomationTest@4944252c]" started-at="2021-06-02T15:39:22 CEST" name="method" finished-at="2021-06-02T15:40:18 CEST" duration-ms="55490" status="PASS">
          <reporter-output>
            <line>
              <![CDATA[Opening page: https://eu.wahoofitness.com/]]>
            </line>
            <line>
              <![CDATA[Page opened!]]>
            </line>
            <line>
              <![CDATA[User does not need to select a color.]]>
            </line>
            <line>
              <![CDATA[User does not need to select a color.]]>
            </line>
            <line>
              <![CDATA[economyShippingCost = 0.0]]>
            </line>
            <line>
              <![CDATA[expressShippingCost = 50.0]]>
            </line>
          </reporter-output>
        </test-method> <!-- method -->
        <test-method is-config="true" signature="tearDown()[pri:0, instance:com.wahooFitness.eu.automationTest.AutomationTest@4944252c]" started-at="2021-06-02T15:40:18 CEST" name="tearDown" finished-at="2021-06-02T15:40:18 CEST" duration-ms="0" status="PASS">
          <reporter-output>
          </reporter-output>
        </test-method> <!-- tearDown -->
      </class> <!-- com.wahooFitness.eu.automationTest.AutomationTest -->
    </test> <!-- Default test -->
  </suite> <!-- Default suite -->
</testng-results>
